<?xml version="1.0" encoding="UTF-8"?>
<testng-results total="9" passed="8" failed="1" skipped="0">
  <reporter-output>
  </reporter-output>
  <suite started-at="2025-06-15T13:18:02Z" name="Suite" finished-at="2025-06-15T13:19:21Z" duration-ms="78721">
    <groups>
    </groups>
    <test started-at="2025-06-15T13:18:02Z" name="Test" finished-at="2025-06-15T13:19:21Z" duration-ms="78721">
      <class name="org.test.MenuTest">
        <test-method is-config="true" signature="BrowserSetup()[pri:0, instance:org.test.MenuTest@d62fe5b]" started-at="2025-06-15T18:49:11Z" name="BrowserSetup" finished-at="2025-06-15T18:49:14Z" duration-ms="2772" status="PASS">
          <reporter-output>
          </reporter-output>
        </test-method> <!-- BrowserSetup -->
        <test-method signature="TC9()[pri:0, instance:org.test.MenuTest@d62fe5b]" started-at="2025-06-15T18:49:14Z" name="TC9" finished-at="2025-06-15T18:49:21Z" duration-ms="6763" status="PASS">
          <reporter-output>
          </reporter-output>
        </test-method> <!-- TC9 -->
        <test-method is-config="true" signature="TearDown()[pri:0, instance:org.test.MenuTest@d62fe5b]" started-at="2025-06-15T18:49:21Z" name="TearDown" finished-at="2025-06-15T18:49:21Z" duration-ms="320" status="PASS">
          <reporter-output>
          </reporter-output>
        </test-method> <!-- TearDown -->
      </class> <!-- org.test.MenuTest -->
      <class name="org.test.CartTest">
        <test-method is-config="true" signature="BrowserSetup()[pri:0, instance:org.test.CartTest@64a40280]" started-at="2025-06-15T18:48:22Z" name="BrowserSetup" finished-at="2025-06-15T18:48:26Z" duration-ms="3472" status="PASS">
          <reporter-output>
          </reporter-output>
        </test-method> <!-- BrowserSetup -->
        <test-method signature="TC4()[pri:0, instance:org.test.CartTest@64a40280]" started-at="2025-06-15T18:48:26Z" name="TC4" finished-at="2025-06-15T18:48:31Z" duration-ms="4913" status="PASS">
          <reporter-output>
          </reporter-output>
        </test-method> <!-- TC4 -->
        <test-method is-config="true" signature="TearDown()[pri:0, instance:org.test.CartTest@64a40280]" started-at="2025-06-15T18:48:31Z" name="TearDown" finished-at="2025-06-15T18:48:31Z" duration-ms="332" status="PASS">
          <reporter-output>
          </reporter-output>
        </test-method> <!-- TearDown -->
        <test-method is-config="true" signature="BrowserSetup()[pri:0, instance:org.test.CartTest@64a40280]" started-at="2025-06-15T18:48:31Z" name="BrowserSetup" finished-at="2025-06-15T18:48:34Z" duration-ms="2812" status="PASS">
          <reporter-output>
          </reporter-output>
        </test-method> <!-- BrowserSetup -->
        <test-method signature="TC5()[pri:0, instance:org.test.CartTest@64a40280]" started-at="2025-06-15T18:48:34Z" name="TC5" finished-at="2025-06-15T18:48:39Z" duration-ms="4774" status="FAIL">
          <exception class="org.openqa.selenium.NoSuchElementException">
            <message>
              <![CDATA[no such element: Unable to locate element: {"method":"xpath","selector":"//input[@id='user-name']"}
  (Session info: chrome=137.0.7151.104)
For documentation on this error, please visit: https://www.selenium.dev/documentation/webdriver/troubleshooting/errors#no-such-element-exception
Build info: version: '4.19.1', revision: 'abe0ee07dc'
System info: os.name: 'Windows 11', os.arch: 'amd64', os.version: '10.0', java.version: '17.0.8'
Driver info: org.openqa.selenium.chrome.ChromeDriver
Command: [53d8ab3b1add6076693ca898bacc0df7, findElement {value=//input[@id='user-name'], using=xpath}]
Capabilities {acceptInsecureCerts: false, browserName: chrome, browserVersion: 137.0.7151.104, chrome: {chromedriverVersion: 137.0.7151.70 (dfa4dc56b2ab..., userDataDir: C:\Users\DELL\AppData\Local...}, fedcm:accounts: true, goog:chromeOptions: {debuggerAddress: localhost:62368}, networkConnectionEnabled: false, pageLoadStrategy: normal, platformName: windows, proxy: Proxy(), se:cdp: ws://localhost:62368/devtoo..., se:cdpVersion: 137.0.7151.104, setWindowRect: true, strictFileInteractability: false, timeouts: {implicit: 0, pageLoad: 300000, script: 30000}, unhandledPromptBehavior: dismiss and notify, webauthn:extension:credBlob: true, webauthn:extension:largeBlob: true, webauthn:extension:minPinLength: true, webauthn:extension:prf: true, webauthn:virtualAuthenticators: true}
Session ID: 53d8ab3b1add6076693ca898bacc0df7]]>
            </message>
            <full-stacktrace>
              <![CDATA[org.openqa.selenium.NoSuchElementException: no such element: Unable to locate element: {"method":"xpath","selector":"//input[@id='user-name']"}
  (Session info: chrome=137.0.7151.104)
For documentation on this error, please visit: https://www.selenium.dev/documentation/webdriver/troubleshooting/errors#no-such-element-exception
Build info: version: '4.19.1', revision: 'abe0ee07dc'
System info: os.name: 'Windows 11', os.arch: 'amd64', os.version: '10.0', java.version: '17.0.8'
Driver info: org.openqa.selenium.chrome.ChromeDriver
Command: [53d8ab3b1add6076693ca898bacc0df7, findElement {value=//input[@id='user-name'], using=xpath}]
Capabilities {acceptInsecureCerts: false, browserName: chrome, browserVersion: 137.0.7151.104, chrome: {chromedriverVersion: 137.0.7151.70 (dfa4dc56b2ab..., userDataDir: C:\Users\DELL\AppData\Local...}, fedcm:accounts: true, goog:chromeOptions: {debuggerAddress: localhost:62368}, networkConnectionEnabled: false, pageLoadStrategy: normal, platformName: windows, proxy: Proxy(), se:cdp: ws://localhost:62368/devtoo..., se:cdpVersion: 137.0.7151.104, setWindowRect: true, strictFileInteractability: false, timeouts: {implicit: 0, pageLoad: 300000, script: 30000}, unhandledPromptBehavior: dismiss and notify, webauthn:extension:credBlob: true, webauthn:extension:largeBlob: true, webauthn:extension:minPinLength: true, webauthn:extension:prf: true, webauthn:virtualAuthenticators: true}
Session ID: 53d8ab3b1add6076693ca898bacc0df7
	at java.base/jdk.internal.reflect.NativeConstructorAccessorImpl.newInstance0(Native Method)
	at java.base/jdk.internal.reflect.NativeConstructorAccessorImpl.newInstance(NativeConstructorAccessorImpl.java:77)
	at java.base/jdk.internal.reflect.DelegatingConstructorAccessorImpl.newInstance(DelegatingConstructorAccessorImpl.java:45)
	at java.base/java.lang.reflect.Constructor.newInstanceWithCaller(Constructor.java:499)
	at java.base/java.lang.reflect.Constructor.newInstance(Constructor.java:480)
	at org.openqa.selenium.remote.ErrorCodec.decode(ErrorCodec.java:167)
	at org.openqa.selenium.remote.codec.w3c.W3CHttpResponseCodec.decode(W3CHttpResponseCodec.java:138)
	at org.openqa.selenium.remote.codec.w3c.W3CHttpResponseCodec.decode(W3CHttpResponseCodec.java:50)
	at org.openqa.selenium.remote.HttpCommandExecutor.execute(HttpCommandExecutor.java:190)
	at org.openqa.selenium.remote.service.DriverCommandExecutor.invokeExecute(DriverCommandExecutor.java:216)
	at org.openqa.selenium.remote.service.DriverCommandExecutor.execute(DriverCommandExecutor.java:174)
	at org.openqa.selenium.remote.RemoteWebDriver.execute(RemoteWebDriver.java:518)
	at org.openqa.selenium.remote.ElementLocation$ElementFinder$2.findElement(ElementLocation.java:165)
	at org.openqa.selenium.remote.ElementLocation.findElement(ElementLocation.java:59)
	at org.openqa.selenium.remote.RemoteWebDriver.findElement(RemoteWebDriver.java:355)
	at org.openqa.selenium.remote.RemoteWebDriver.findElement(RemoteWebDriver.java:349)
	at org.pages.LoginPage.loginWithValidUserName(LoginPage.java:22)
	at org.test.CartTest.TC5(CartTest.java:50)
	at java.base/jdk.internal.reflect.NativeMethodAccessorImpl.invoke0(Native Method)
	at java.base/jdk.internal.reflect.NativeMethodAccessorImpl.invoke(NativeMethodAccessorImpl.java:77)
	at java.base/jdk.internal.reflect.DelegatingMethodAccessorImpl.invoke(DelegatingMethodAccessorImpl.java:43)
	at java.base/java.lang.reflect.Method.invoke(Method.java:568)
	at org.testng.internal.MethodInvocationHelper.invokeMethod(MethodInvocationHelper.java:80)
	at org.testng.internal.Invoker.invokeMethod(Invoker.java:715)
	at org.testng.internal.Invoker.invokeTestMethod(Invoker.java:907)
	at org.testng.internal.Invoker.invokeTestMethods(Invoker.java:1237)
	at org.testng.internal.TestMethodWorker.invokeTestMethods(TestMethodWorker.java:127)
	at org.testng.internal.TestMethodWorker.run(TestMethodWorker.java:111)
	at org.testng.TestRunner.privateRun(TestRunner.java:767)
	at org.testng.TestRunner.run(TestRunner.java:617)
	at org.testng.SuiteRunner.runTest(SuiteRunner.java:334)
	at org.testng.SuiteRunner.runSequentially(SuiteRunner.java:329)
	at org.testng.SuiteRunner.privateRun(SuiteRunner.java:291)
	at org.testng.SuiteRunner.run(SuiteRunner.java:240)
	at org.testng.SuiteRunnerWorker.runSuite(SuiteRunnerWorker.java:51)
	at org.testng.SuiteRunnerWorker.run(SuiteRunnerWorker.java:85)
	at org.testng.TestNG.runSuitesSequentially(TestNG.java:1197)
	at org.testng.TestNG.runSuitesLocally(TestNG.java:1122)
	at org.testng.TestNG.run(TestNG.java:1030)
	at org.apache.maven.surefire.testng.TestNGExecutor.run(TestNGExecutor.java:308)
	at org.apache.maven.surefire.testng.TestNGXmlTestSuite.execute(TestNGXmlTestSuite.java:71)
	at org.apache.maven.surefire.testng.TestNGProvider.invoke(TestNGProvider.java:113)
	at org.apache.maven.surefire.booter.ForkedBooter.runSuitesInProcess(ForkedBooter.java:385)
	at org.apache.maven.surefire.booter.ForkedBooter.execute(ForkedBooter.java:162)
	at org.apache.maven.surefire.booter.ForkedBooter.run(ForkedBooter.java:507)
	at org.apache.maven.surefire.booter.ForkedBooter.main(ForkedBooter.java:495)
]]>
            </full-stacktrace>
          </exception> <!-- org.openqa.selenium.NoSuchElementException -->
          <reporter-output>
          </reporter-output>
        </test-method> <!-- TC5 -->
        <test-method is-config="true" signature="TearDown()[pri:0, instance:org.test.CartTest@64a40280]" started-at="2025-06-15T18:48:39Z" name="TearDown" finished-at="2025-06-15T18:48:39Z" duration-ms="347" status="PASS">
          <reporter-output>
          </reporter-output>
        </test-method> <!-- TearDown -->
      </class> <!-- org.test.CartTest -->
      <class name="org.test.LoginTest">
        <test-method is-config="true" signature="BrowserSetup()[pri:0, instance:org.test.LoginTest@34c01041]" started-at="2025-06-15T18:48:02Z" name="BrowserSetup" finished-at="2025-06-15T18:48:07Z" duration-ms="4539" status="PASS">
          <reporter-output>
          </reporter-output>
        </test-method> <!-- BrowserSetup -->
        <test-method signature="TC1()[pri:0, instance:org.test.LoginTest@34c01041]" started-at="2025-06-15T18:48:07Z" name="TC1" finished-at="2025-06-15T18:48:10Z" duration-ms="2758" status="PASS">
          <reporter-output>
          </reporter-output>
        </test-method> <!-- TC1 -->
        <test-method is-config="true" signature="TearDown()[pri:0, instance:org.test.LoginTest@34c01041]" started-at="2025-06-15T18:48:11Z" name="TearDown" finished-at="2025-06-15T18:48:11Z" duration-ms="449" status="PASS">
          <reporter-output>
          </reporter-output>
        </test-method> <!-- TearDown -->
        <test-method is-config="true" signature="BrowserSetup()[pri:0, instance:org.test.LoginTest@34c01041]" started-at="2025-06-15T18:48:11Z" name="BrowserSetup" finished-at="2025-06-15T18:48:14Z" duration-ms="2901" status="PASS">
          <reporter-output>
          </reporter-output>
        </test-method> <!-- BrowserSetup -->
        <test-method signature="TC2()[pri:0, instance:org.test.LoginTest@34c01041]" started-at="2025-06-15T18:48:14Z" name="TC2" finished-at="2025-06-15T18:48:15Z" duration-ms="751" status="PASS">
          <reporter-output>
          </reporter-output>
        </test-method> <!-- TC2 -->
        <test-method is-config="true" signature="TearDown()[pri:0, instance:org.test.LoginTest@34c01041]" started-at="2025-06-15T18:48:15Z" name="TearDown" finished-at="2025-06-15T18:48:16Z" duration-ms="849" status="PASS">
          <reporter-output>
          </reporter-output>
        </test-method> <!-- TearDown -->
        <test-method is-config="true" signature="BrowserSetup()[pri:0, instance:org.test.LoginTest@34c01041]" started-at="2025-06-15T18:48:16Z" name="BrowserSetup" finished-at="2025-06-15T18:48:19Z" duration-ms="3389" status="PASS">
          <reporter-output>
          </reporter-output>
        </test-method> <!-- BrowserSetup -->
        <test-method signature="TC3()[pri:0, instance:org.test.LoginTest@34c01041]" started-at="2025-06-15T18:48:19Z" name="TC3" finished-at="2025-06-15T18:48:22Z" duration-ms="2487" status="PASS">
          <reporter-output>
          </reporter-output>
        </test-method> <!-- TC3 -->
        <test-method is-config="true" signature="TearDown()[pri:0, instance:org.test.LoginTest@34c01041]" started-at="2025-06-15T18:48:22Z" name="TearDown" finished-at="2025-06-15T18:48:22Z" duration-ms="501" status="PASS">
          <reporter-output>
          </reporter-output>
        </test-method> <!-- TearDown -->
      </class> <!-- org.test.LoginTest -->
      <class name="org.test.ProductTest">
        <test-method is-config="true" signature="BrowserSetup()[pri:0, instance:org.test.ProductTest@3d3e5463]" started-at="2025-06-15T18:48:58Z" name="BrowserSetup" finished-at="2025-06-15T18:49:01Z" duration-ms="2592" status="PASS">
          <reporter-output>
          </reporter-output>
        </test-method> <!-- BrowserSetup -->
        <test-method signature="TC8()[pri:0, instance:org.test.ProductTest@3d3e5463]" started-at="2025-06-15T18:49:01Z" name="TC8" finished-at="2025-06-15T18:49:10Z" duration-ms="9016" status="PASS">
          <reporter-output>
          </reporter-output>
        </test-method> <!-- TC8 -->
        <test-method is-config="true" signature="TearDown()[pri:0, instance:org.test.ProductTest@3d3e5463]" started-at="2025-06-15T18:49:10Z" name="TearDown" finished-at="2025-06-15T18:49:11Z" duration-ms="925" status="PASS">
          <reporter-output>
          </reporter-output>
        </test-method> <!-- TearDown -->
      </class> <!-- org.test.ProductTest -->
      <class name="org.test.CheckoutTest">
        <test-method is-config="true" signature="BrowserSetup()[pri:0, instance:org.test.CheckoutTest@49964d75]" started-at="2025-06-15T18:48:39Z" name="BrowserSetup" finished-at="2025-06-15T18:48:42Z" duration-ms="2315" status="PASS">
          <reporter-output>
          </reporter-output>
        </test-method> <!-- BrowserSetup -->
        <test-method signature="TC6()[pri:0, instance:org.test.CheckoutTest@49964d75]" started-at="2025-06-15T18:48:42Z" name="TC6" finished-at="2025-06-15T18:48:48Z" duration-ms="6151" status="PASS">
          <reporter-output>
          </reporter-output>
        </test-method> <!-- TC6 -->
        <test-method is-config="true" signature="TearDown()[pri:0, instance:org.test.CheckoutTest@49964d75]" started-at="2025-06-15T18:48:48Z" name="TearDown" finished-at="2025-06-15T18:48:48Z" duration-ms="356" status="PASS">
          <reporter-output>
          </reporter-output>
        </test-method> <!-- TearDown -->
        <test-method is-config="true" signature="BrowserSetup()[pri:0, instance:org.test.CheckoutTest@49964d75]" started-at="2025-06-15T18:48:48Z" name="BrowserSetup" finished-at="2025-06-15T18:48:52Z" duration-ms="3547" status="PASS">
          <reporter-output>
          </reporter-output>
        </test-method> <!-- BrowserSetup -->
        <test-method signature="TC7()[pri:0, instance:org.test.CheckoutTest@49964d75]" started-at="2025-06-15T18:48:52Z" name="TC7" finished-at="2025-06-15T18:48:58Z" duration-ms="5771" status="PASS">
          <reporter-output>
          </reporter-output>
        </test-method> <!-- TC7 -->
        <test-method is-config="true" signature="TearDown()[pri:0, instance:org.test.CheckoutTest@49964d75]" started-at="2025-06-15T18:48:58Z" name="TearDown" finished-at="2025-06-15T18:48:58Z" duration-ms="365" status="PASS">
          <reporter-output>
          </reporter-output>
        </test-method> <!-- TearDown -->
      </class> <!-- org.test.CheckoutTest -->
    </test> <!-- Test -->
  </suite> <!-- Suite -->
</testng-results>
